c:\users\l\desktop\lepevrx\gamex86.dir\debug\vc120.pdb
c:\users\l\desktop\lepevrx\gamex86.dir\debug\drone_gladiator.obj
c:\users\l\desktop\lepevrx\gamex86.dir\debug\drone_decoy.obj
c:\users\l\desktop\lepevrx\gamex86.dir\debug\drone_brain.obj
c:\users\l\desktop\lepevrx\gamex86.dir\debug\drone_bitch.obj
c:\users\l\desktop\lepevrx\gamex86.dir\debug\drone_berserk.obj
c:\users\l\desktop\lepevrx\gamex86.dir\debug\drone_ai.obj
c:\users\l\desktop\lepevrx\gamex86.dir\debug\domination.obj
c:\users\l\desktop\lepevrx\gamex86.dir\debug\damage.obj
c:\users\l\desktop\lepevrx\gamex86.dir\debug\ctf.obj
c:\users\l\desktop\lepevrx\gamex86.dir\debug\cloak.obj
c:\users\l\desktop\lepevrx\gamex86.dir\debug\class_demon.obj
c:\users\l\desktop\lepevrx\gamex86.dir\debug\class_brain.obj
c:\users\l\desktop\lepevrx\gamex86.dir\debug\boss_tank.obj
c:\users\l\desktop\lepevrx\gamex86.dir\debug\boss_makron.obj
c:\users\l\desktop\lepevrx\gamex86.dir\debug\boss_general.obj
c:\users\l\desktop\lepevrx\gamex86.dir\debug\bombspell.obj
c:\users\l\desktop\lepevrx\gamex86.dir\debug\backpack.obj
c:\users\l\desktop\lepevrx\gamex86.dir\debug\auras.obj
c:\users\l\desktop\lepevrx\gamex86.dir\debug\armory.obj
c:\users\l\desktop\lepevrx\gamex86.dir\debug\ally.obj
c:\users\l\desktop\lepevrx\gamex86.dir\debug\g_cmds.obj
c:\users\l\desktop\lepevrx\gamex86.dir\debug\g_chase.obj
c:\users\l\desktop\lepevrx\gamex86.dir\debug\grid.obj
c:\users\l\desktop\lepevrx\gamex86.dir\debug\forcewall.obj
c:\users\l\desktop\lepevrx\gamex86.dir\debug\flying_skull.obj
c:\users\l\desktop\lepevrx\gamex86.dir\debug\file_output.obj
c:\users\l\desktop\lepevrx\gamex86.dir\debug\ents.obj
c:\users\l\desktop\lepevrx\gamex86.dir\debug\drone_tank.obj
c:\users\l\desktop\lepevrx\gamex86.dir\debug\drone_supertank.obj
c:\users\l\desktop\lepevrx\gamex86.dir\debug\drone_soldier.obj
c:\users\l\desktop\lepevrx\gamex86.dir\debug\drone_retard.obj
c:\users\l\desktop\lepevrx\gamex86.dir\debug\drone_parasite.obj
c:\users\l\desktop\lepevrx\gamex86.dir\debug\drone_mutant.obj
c:\users\l\desktop\lepevrx\gamex86.dir\debug\drone_move.obj
c:\users\l\desktop\lepevrx\gamex86.dir\debug\drone_misc.obj
c:\users\l\desktop\lepevrx\gamex86.dir\debug\drone_medic.obj
c:\users\l\desktop\lepevrx\gamex86.dir\debug\drone_makron.obj
c:\users\l\desktop\lepevrx\gamex86.dir\debug\drone_jorg.obj
c:\users\l\desktop\lepevrx\gamex86.dir\debug\drone_infantry.obj
c:\users\l\desktop\lepevrx\gamex86.dir\debug\drone_gunner.obj
c:\users\l\desktop\lepevrx\gamex86.dir\debug\invasion.obj
c:\users\l\desktop\lepevrx\gamex86.dir\debug\help.obj
c:\users\l\desktop\lepevrx\gamex86.dir\debug\hash_32a.obj
c:\users\l\desktop\lepevrx\gamex86.dir\debug\g_weapon.obj
c:\users\l\desktop\lepevrx\gamex86.dir\debug\g_utils.obj
c:\users\l\desktop\lepevrx\gamex86.dir\debug\g_trigger.obj
c:\users\l\desktop\lepevrx\gamex86.dir\debug\g_target.obj
c:\users\l\desktop\lepevrx\gamex86.dir\debug\g_sword.obj
c:\users\l\desktop\lepevrx\gamex86.dir\debug\g_svcmds.obj
c:\users\l\desktop\lepevrx\gamex86.dir\debug\g_spawn.obj
c:\users\l\desktop\lepevrx\gamex86.dir\debug\g_save.obj
c:\users\l\desktop\lepevrx\gamex86.dir\debug\g_phys.obj
c:\users\l\desktop\lepevrx\gamex86.dir\debug\g_monster.obj
c:\users\l\desktop\lepevrx\gamex86.dir\debug\g_misc.obj
c:\users\l\desktop\lepevrx\gamex86.dir\debug\g_main.obj
c:\users\l\desktop\lepevrx\gamex86.dir\debug\g_lasers.obj
c:\users\l\desktop\lepevrx\gamex86.dir\debug\g_items.obj
c:\users\l\desktop\lepevrx\gamex86.dir\debug\g_func.obj
c:\users\l\desktop\lepevrx\gamex86.dir\debug\g_flame.obj
c:\users\l\desktop\lepevrx\gamex86.dir\debug\g_combat.obj
c:\users\l\desktop\lepevrx\gamex86.dir\debug\playertotank.obj
c:\users\l\desktop\lepevrx\gamex86.dir\debug\playertoparasite.obj
c:\users\l\desktop\lepevrx\gamex86.dir\debug\playertomutant.obj
c:\users\l\desktop\lepevrx\gamex86.dir\debug\playertomedic.obj
c:\users\l\desktop\lepevrx\gamex86.dir\debug\playertoflyer.obj
c:\users\l\desktop\lepevrx\gamex86.dir\debug\playertoberserk.obj
c:\users\l\desktop\lepevrx\gamex86.dir\debug\playerlog.obj
c:\users\l\desktop\lepevrx\gamex86.dir\debug\player.obj
c:\users\l\desktop\lepevrx\gamex86.dir\debug\m_flash.obj
c:\users\l\desktop\lepevrx\gamex86.dir\debug\misc_stuff.obj
c:\users\l\desktop\lepevrx\gamex86.dir\debug\minisentry.obj
c:\users\l\desktop\lepevrx\gamex86.dir\debug\menu.obj
c:\users\l\desktop\lepevrx\gamex86.dir\debug\maplist.obj
c:\users\l\desktop\lepevrx\gamex86.dir\debug\magic.obj
c:\users\l\desktop\lepevrx\gamex86.dir\debug\lua.obj
c:\users\l\desktop\lepevrx\gamex86.dir\debug\laserstuff.obj
c:\users\l\desktop\lepevrx\gamex86.dir\debug\lasersight.obj
c:\users\l\desktop\lepevrx\gamex86.dir\debug\lasers.obj
c:\users\l\desktop\lepevrx\gamex86.dir\debug\jetpack.obj
c:\users\l\desktop\lepevrx\gamex86.dir\debug\item_menu.obj
c:\users\l\desktop\lepevrx\gamex86.dir\debug\talents.obj
c:\users\l\desktop\lepevrx\gamex86.dir\debug\supplystation.obj
c:\users\l\desktop\lepevrx\gamex86.dir\debug\sqlite3.obj
c:\users\l\desktop\lepevrx\gamex86.dir\debug\spirit.obj
c:\users\l\desktop\lepevrx\gamex86.dir\debug\special_items.obj
c:\users\l\desktop\lepevrx\gamex86.dir\debug\shaman.obj
c:\users\l\desktop\lepevrx\gamex86.dir\debug\sentrygun2.obj
c:\users\l\desktop\lepevrx\gamex86.dir\debug\scanner.obj
c:\users\l\desktop\lepevrx\gamex86.dir\debug\repairstation.obj
c:\users\l\desktop\lepevrx\gamex86.dir\debug\q_shared.obj
c:\users\l\desktop\lepevrx\gamex86.dir\debug\p_weapon.obj
c:\users\l\desktop\lepevrx\gamex86.dir\debug\p_view.obj
c:\users\l\desktop\lepevrx\gamex86.dir\debug\p_trail.obj
c:\users\l\desktop\lepevrx\gamex86.dir\debug\p_parasite.obj
c:\users\l\desktop\lepevrx\gamex86.dir\debug\p_menu.obj
c:\users\l\desktop\lepevrx\gamex86.dir\debug\p_hud.obj
c:\users\l\desktop\lepevrx\gamex86.dir\debug\p_hook.obj
c:\users\l\desktop\lepevrx\gamex86.dir\debug\p_client.obj
c:\users\l\desktop\lepevrx\gamex86.dir\debug\pvb.obj
c:\users\l\desktop\lepevrx\gamex86.dir\debug\player_points.obj
c:\users\l\desktop\lepevrx\gamex86.dir\debug\weapon_upgrades.obj
c:\users\l\desktop\lepevrx\gamex86.dir\debug\weapons.obj
c:\users\l\desktop\lepevrx\gamex86.dir\debug\v_utils.obj
c:\users\l\desktop\lepevrx\gamex86.dir\debug\v_tbi.obj
c:\users\l\desktop\lepevrx\gamex86.dir\debug\v_sqlite_unidb.obj
c:\users\l\desktop\lepevrx\gamex86.dir\debug\v_sqlite_character.obj
c:\users\l\desktop\lepevrx\gamex86.dir\debug\v_mysql_gds.obj
c:\users\l\desktop\lepevrx\gamex86.dir\debug\v_maplist.obj
c:\users\l\desktop\lepevrx\gamex86.dir\debug\v_luasettings.obj
c:\users\l\desktop\lepevrx\gamex86.dir\debug\v_items.obj
c:\users\l\desktop\lepevrx\gamex86.dir\debug\v_hw.obj
c:\users\l\desktop\lepevrx\gamex86.dir\debug\v_file_io.obj
c:\users\l\desktop\lepevrx\gamex86.dir\debug\v_cmd.obj
c:\users\l\desktop\lepevrx\gamex86.dir\debug\v_autobind.obj
c:\users\l\desktop\lepevrx\gamex86.dir\debug\v_abilitylist.obj
c:\users\l\desktop\lepevrx\gamex86.dir\debug\vote.obj
c:\users\l\desktop\lepevrx\gamex86.dir\debug\upgrades.obj
c:\users\l\desktop\lepevrx\gamex86.dir\debug\trade.obj
c:\users\l\desktop\lepevrx\gamex86.dir\debug\totems.obj
c:\users\l\desktop\lepevrx\gamex86.dir\debug\teamplay.obj
c:\users\l\desktop\lepevrx\gamex86.dir\debug\bot_spawn.obj
c:\users\l\desktop\lepevrx\gamex86.dir\debug\bot_common.obj
c:\users\l\desktop\lepevrx\gamex86.dir\debug\astar.obj
c:\users\l\desktop\lepevrx\gamex86.dir\debug\ai_weapons.obj
c:\users\l\desktop\lepevrx\gamex86.dir\debug\ai_tools.obj
c:\users\l\desktop\lepevrx\gamex86.dir\debug\ai_nodes.obj
c:\users\l\desktop\lepevrx\gamex86.dir\debug\ai_navigation.obj
c:\users\l\desktop\lepevrx\gamex86.dir\debug\ai_movement.obj
c:\users\l\desktop\lepevrx\gamex86.dir\debug\ai_main.obj
c:\users\l\desktop\lepevrx\gamex86.dir\debug\ai_links.obj
c:\users\l\desktop\lepevrx\gamex86.dir\debug\ai_items.obj
c:\users\l\desktop\lepevrx\gamex86.dir\debug\ai_dropnodes.obj
c:\users\l\desktop\lepevrx\gamex86.dir\debug\ai_class_monster_default.obj
c:\users\l\desktop\lepevrx\gamex86.dir\debug\ai_class_dmbot.obj
c:\users\l\desktop\vrx\cmakefiles\generate.stamp
c:\users\l\desktop\vrx\debug\gamex86.lib
c:\users\l\desktop\vrx\debug\gamex86.exp
c:\users\l\desktop\vrx\debug\gamex86.ilk
c:\users\l\desktop\vrx\debug\gamex86.dll
c:\users\l\desktop\vrx\debug\gamex86.pdb
c:\users\l\desktop\proyectos visual\lepevrx\gamex86.dir\debug\ai_class_dmbot.obj
c:\users\l\desktop\proyectos visual\lepevrx\gamex86.dir\debug\ai_class_monster_default.obj
c:\users\l\desktop\proyectos visual\lepevrx\gamex86.dir\debug\ai_dropnodes.obj
c:\users\l\desktop\proyectos visual\lepevrx\gamex86.dir\debug\ai_items.obj
c:\users\l\desktop\proyectos visual\lepevrx\gamex86.dir\debug\ai_links.obj
c:\users\l\desktop\proyectos visual\lepevrx\gamex86.dir\debug\ai_main.obj
c:\users\l\desktop\proyectos visual\lepevrx\gamex86.dir\debug\ai_movement.obj
c:\users\l\desktop\proyectos visual\lepevrx\gamex86.dir\debug\ai_navigation.obj
c:\users\l\desktop\proyectos visual\lepevrx\gamex86.dir\debug\ai_nodes.obj
c:\users\l\desktop\proyectos visual\lepevrx\gamex86.dir\debug\ai_tools.obj
c:\users\l\desktop\proyectos visual\lepevrx\gamex86.dir\debug\ai_weapons.obj
c:\users\l\desktop\proyectos visual\lepevrx\gamex86.dir\debug\ally.obj
c:\users\l\desktop\proyectos visual\lepevrx\gamex86.dir\debug\armory.obj
c:\users\l\desktop\proyectos visual\lepevrx\gamex86.dir\debug\astar.obj
c:\users\l\desktop\proyectos visual\lepevrx\gamex86.dir\debug\auras.obj
c:\users\l\desktop\proyectos visual\lepevrx\gamex86.dir\debug\backpack.obj
c:\users\l\desktop\proyectos visual\lepevrx\gamex86.dir\debug\bombspell.obj
c:\users\l\desktop\proyectos visual\lepevrx\gamex86.dir\debug\boss_general.obj
c:\users\l\desktop\proyectos visual\lepevrx\gamex86.dir\debug\boss_makron.obj
c:\users\l\desktop\proyectos visual\lepevrx\gamex86.dir\debug\boss_tank.obj
c:\users\l\desktop\proyectos visual\lepevrx\gamex86.dir\debug\bot_common.obj
c:\users\l\desktop\proyectos visual\lepevrx\gamex86.dir\debug\bot_spawn.obj
c:\users\l\desktop\proyectos visual\lepevrx\gamex86.dir\debug\class_brain.obj
c:\users\l\desktop\proyectos visual\lepevrx\gamex86.dir\debug\class_demon.obj
c:\users\l\desktop\proyectos visual\lepevrx\gamex86.dir\debug\cloak.obj
c:\users\l\desktop\proyectos visual\lepevrx\gamex86.dir\debug\ctf.obj
c:\users\l\desktop\proyectos visual\lepevrx\gamex86.dir\debug\damage.obj
c:\users\l\desktop\proyectos visual\lepevrx\gamex86.dir\debug\domination.obj
c:\users\l\desktop\proyectos visual\lepevrx\gamex86.dir\debug\drone_ai.obj
c:\users\l\desktop\proyectos visual\lepevrx\gamex86.dir\debug\drone_berserk.obj
c:\users\l\desktop\proyectos visual\lepevrx\gamex86.dir\debug\drone_bitch.obj
c:\users\l\desktop\proyectos visual\lepevrx\gamex86.dir\debug\drone_brain.obj
c:\users\l\desktop\proyectos visual\lepevrx\gamex86.dir\debug\drone_decoy.obj
c:\users\l\desktop\proyectos visual\lepevrx\gamex86.dir\debug\drone_gladiator.obj
c:\users\l\desktop\proyectos visual\lepevrx\gamex86.dir\debug\drone_gunner.obj
c:\users\l\desktop\proyectos visual\lepevrx\gamex86.dir\debug\drone_infantry.obj
c:\users\l\desktop\proyectos visual\lepevrx\gamex86.dir\debug\drone_jorg.obj
c:\users\l\desktop\proyectos visual\lepevrx\gamex86.dir\debug\drone_makron.obj
c:\users\l\desktop\proyectos visual\lepevrx\gamex86.dir\debug\drone_medic.obj
c:\users\l\desktop\proyectos visual\lepevrx\gamex86.dir\debug\drone_misc.obj
c:\users\l\desktop\proyectos visual\lepevrx\gamex86.dir\debug\drone_move.obj
c:\users\l\desktop\proyectos visual\lepevrx\gamex86.dir\debug\drone_mutant.obj
c:\users\l\desktop\proyectos visual\lepevrx\gamex86.dir\debug\drone_parasite.obj
c:\users\l\desktop\proyectos visual\lepevrx\gamex86.dir\debug\drone_retard.obj
c:\users\l\desktop\proyectos visual\lepevrx\gamex86.dir\debug\drone_soldier.obj
c:\users\l\desktop\proyectos visual\lepevrx\gamex86.dir\debug\drone_supertank.obj
c:\users\l\desktop\proyectos visual\lepevrx\gamex86.dir\debug\drone_tank.obj
c:\users\l\desktop\proyectos visual\lepevrx\gamex86.dir\debug\ents.obj
c:\users\l\desktop\proyectos visual\lepevrx\gamex86.dir\debug\file_output.obj
c:\users\l\desktop\proyectos visual\lepevrx\gamex86.dir\debug\flying_skull.obj
c:\users\l\desktop\proyectos visual\lepevrx\gamex86.dir\debug\forcewall.obj
c:\users\l\desktop\proyectos visual\lepevrx\gamex86.dir\debug\grid.obj
c:\users\l\desktop\proyectos visual\lepevrx\gamex86.dir\debug\g_chase.obj
c:\users\l\desktop\proyectos visual\lepevrx\gamex86.dir\debug\g_cmds.obj
c:\users\l\desktop\proyectos visual\lepevrx\gamex86.dir\debug\g_combat.obj
c:\users\l\desktop\proyectos visual\lepevrx\gamex86.dir\debug\g_flame.obj
c:\users\l\desktop\proyectos visual\lepevrx\gamex86.dir\debug\g_func.obj
c:\users\l\desktop\proyectos visual\lepevrx\gamex86.dir\debug\g_items.obj
c:\users\l\desktop\proyectos visual\lepevrx\gamex86.dir\debug\g_lasers.obj
c:\users\l\desktop\proyectos visual\lepevrx\gamex86.dir\debug\g_main.obj
c:\users\l\desktop\proyectos visual\lepevrx\gamex86.dir\debug\g_misc.obj
c:\users\l\desktop\proyectos visual\lepevrx\gamex86.dir\debug\g_monster.obj
c:\users\l\desktop\proyectos visual\lepevrx\gamex86.dir\debug\g_phys.obj
c:\users\l\desktop\proyectos visual\lepevrx\gamex86.dir\debug\g_save.obj
c:\users\l\desktop\proyectos visual\lepevrx\gamex86.dir\debug\g_spawn.obj
c:\users\l\desktop\proyectos visual\lepevrx\gamex86.dir\debug\g_svcmds.obj
c:\users\l\desktop\proyectos visual\lepevrx\gamex86.dir\debug\g_sword.obj
c:\users\l\desktop\proyectos visual\lepevrx\gamex86.dir\debug\g_target.obj
c:\users\l\desktop\proyectos visual\lepevrx\gamex86.dir\debug\g_trigger.obj
c:\users\l\desktop\proyectos visual\lepevrx\gamex86.dir\debug\g_utils.obj
c:\users\l\desktop\proyectos visual\lepevrx\gamex86.dir\debug\g_weapon.obj
c:\users\l\desktop\proyectos visual\lepevrx\gamex86.dir\debug\hash_32a.obj
c:\users\l\desktop\proyectos visual\lepevrx\gamex86.dir\debug\help.obj
c:\users\l\desktop\proyectos visual\lepevrx\gamex86.dir\debug\invasion.obj
c:\users\l\desktop\proyectos visual\lepevrx\gamex86.dir\debug\item_menu.obj
c:\users\l\desktop\proyectos visual\lepevrx\gamex86.dir\debug\jetpack.obj
c:\users\l\desktop\proyectos visual\lepevrx\gamex86.dir\debug\lasers.obj
c:\users\l\desktop\proyectos visual\lepevrx\gamex86.dir\debug\lasersight.obj
c:\users\l\desktop\proyectos visual\lepevrx\gamex86.dir\debug\laserstuff.obj
c:\users\l\desktop\proyectos visual\lepevrx\gamex86.dir\debug\lua.obj
c:\users\l\desktop\proyectos visual\lepevrx\gamex86.dir\debug\magic.obj
c:\users\l\desktop\proyectos visual\lepevrx\gamex86.dir\debug\maplist.obj
c:\users\l\desktop\proyectos visual\lepevrx\gamex86.dir\debug\menu.obj
c:\users\l\desktop\proyectos visual\lepevrx\gamex86.dir\debug\minisentry.obj
c:\users\l\desktop\proyectos visual\lepevrx\gamex86.dir\debug\misc_stuff.obj
c:\users\l\desktop\proyectos visual\lepevrx\gamex86.dir\debug\m_flash.obj
c:\users\l\desktop\proyectos visual\lepevrx\gamex86.dir\debug\player.obj
c:\users\l\desktop\proyectos visual\lepevrx\gamex86.dir\debug\playerlog.obj
c:\users\l\desktop\proyectos visual\lepevrx\gamex86.dir\debug\playertoberserk.obj
c:\users\l\desktop\proyectos visual\lepevrx\gamex86.dir\debug\playertoflyer.obj
c:\users\l\desktop\proyectos visual\lepevrx\gamex86.dir\debug\playertomedic.obj
c:\users\l\desktop\proyectos visual\lepevrx\gamex86.dir\debug\playertomutant.obj
c:\users\l\desktop\proyectos visual\lepevrx\gamex86.dir\debug\playertoparasite.obj
c:\users\l\desktop\proyectos visual\lepevrx\gamex86.dir\debug\playertotank.obj
c:\users\l\desktop\proyectos visual\lepevrx\gamex86.dir\debug\player_points.obj
c:\users\l\desktop\proyectos visual\lepevrx\gamex86.dir\debug\pvb.obj
c:\users\l\desktop\proyectos visual\lepevrx\gamex86.dir\debug\p_client.obj
c:\users\l\desktop\proyectos visual\lepevrx\gamex86.dir\debug\p_hook.obj
c:\users\l\desktop\proyectos visual\lepevrx\gamex86.dir\debug\p_hud.obj
c:\users\l\desktop\proyectos visual\lepevrx\gamex86.dir\debug\p_menu.obj
c:\users\l\desktop\proyectos visual\lepevrx\gamex86.dir\debug\p_parasite.obj
c:\users\l\desktop\proyectos visual\lepevrx\gamex86.dir\debug\p_trail.obj
c:\users\l\desktop\proyectos visual\lepevrx\gamex86.dir\debug\p_view.obj
c:\users\l\desktop\proyectos visual\lepevrx\gamex86.dir\debug\p_weapon.obj
c:\users\l\desktop\proyectos visual\lepevrx\gamex86.dir\debug\q_shared.obj
c:\users\l\desktop\proyectos visual\lepevrx\gamex86.dir\debug\repairstation.obj
c:\users\l\desktop\proyectos visual\lepevrx\gamex86.dir\debug\scanner.obj
c:\users\l\desktop\proyectos visual\lepevrx\gamex86.dir\debug\sentrygun2.obj
c:\users\l\desktop\proyectos visual\lepevrx\gamex86.dir\debug\shaman.obj
c:\users\l\desktop\proyectos visual\lepevrx\gamex86.dir\debug\special_items.obj
c:\users\l\desktop\proyectos visual\lepevrx\gamex86.dir\debug\spirit.obj
c:\users\l\desktop\proyectos visual\lepevrx\gamex86.dir\debug\sqlite3.obj
c:\users\l\desktop\proyectos visual\lepevrx\gamex86.dir\debug\supplystation.obj
c:\users\l\desktop\proyectos visual\lepevrx\gamex86.dir\debug\talents.obj
c:\users\l\desktop\proyectos visual\lepevrx\gamex86.dir\debug\teamplay.obj
c:\users\l\desktop\proyectos visual\lepevrx\gamex86.dir\debug\totems.obj
c:\users\l\desktop\proyectos visual\lepevrx\gamex86.dir\debug\trade.obj
c:\users\l\desktop\proyectos visual\lepevrx\gamex86.dir\debug\upgrades.obj
c:\users\l\desktop\proyectos visual\lepevrx\gamex86.dir\debug\vote.obj
c:\users\l\desktop\proyectos visual\lepevrx\gamex86.dir\debug\v_abilitylist.obj
c:\users\l\desktop\proyectos visual\lepevrx\gamex86.dir\debug\v_autobind.obj
c:\users\l\desktop\proyectos visual\lepevrx\gamex86.dir\debug\v_cmd.obj
c:\users\l\desktop\proyectos visual\lepevrx\gamex86.dir\debug\v_file_io.obj
c:\users\l\desktop\proyectos visual\lepevrx\gamex86.dir\debug\v_hw.obj
c:\users\l\desktop\proyectos visual\lepevrx\gamex86.dir\debug\v_items.obj
c:\users\l\desktop\proyectos visual\lepevrx\gamex86.dir\debug\v_luasettings.obj
c:\users\l\desktop\proyectos visual\lepevrx\gamex86.dir\debug\v_maplist.obj
c:\users\l\desktop\proyectos visual\lepevrx\gamex86.dir\debug\v_mysql_gds.obj
c:\users\l\desktop\proyectos visual\lepevrx\gamex86.dir\debug\v_sqlite_character.obj
c:\users\l\desktop\proyectos visual\lepevrx\gamex86.dir\debug\v_sqlite_unidb.obj
c:\users\l\desktop\proyectos visual\lepevrx\gamex86.dir\debug\v_tbi.obj
c:\users\l\desktop\proyectos visual\lepevrx\gamex86.dir\debug\v_utils.obj
c:\users\l\desktop\proyectos visual\lepevrx\gamex86.dir\debug\weapons.obj
c:\users\l\desktop\proyectos visual\lepevrx\gamex86.dir\debug\weapon_upgrades.obj
c:\users\l\desktop\proyectos visual\lepevrx\gamex86.dir\debug\vc120.pdb
c:\users\l\desktop\proyectos visual\lepevrx\gamex86.dir\debug\gamex86.tlog\cl.command.1.tlog
c:\users\l\desktop\proyectos visual\lepevrx\gamex86.dir\debug\gamex86.tlog\cl.read.1.tlog
c:\users\l\desktop\proyectos visual\lepevrx\gamex86.dir\debug\gamex86.tlog\cl.write.1.tlog
c:\users\l\desktop\proyectos visual\lepevrx\gamex86.dir\debug\gamex86.tlog\custombuild.command.1.tlog
c:\users\l\desktop\proyectos visual\lepevrx\gamex86.dir\debug\gamex86.tlog\custombuild.read.1.tlog
c:\users\l\desktop\proyectos visual\lepevrx\gamex86.dir\debug\gamex86.tlog\custombuild.write.1.tlog
c:\users\l\desktop\proyectos visual\lepevrx\gamex86.dir\debug\gamex86.tlog\gamex86.write.1u.tlog
c:\users\l\desktop\proyectos visual\lepevrx\gamex86.dir\debug\gamex86.tlog\link.command.1.tlog
c:\users\l\desktop\proyectos visual\lepevrx\gamex86.dir\debug\gamex86.tlog\link.read.1.tlog
c:\users\l\desktop\proyectos visual\lepevrx\gamex86.dir\debug\gamex86.tlog\link.write.1.tlog
