c:\users\l\desktop\proyectos visual\lepevrx\gamex86.dir\release\drone_gladiator.obj
c:\users\l\desktop\proyectos visual\lepevrx\gamex86.dir\release\drone_decoy.obj
c:\users\l\desktop\proyectos visual\lepevrx\gamex86.dir\release\drone_brain.obj
c:\users\l\desktop\proyectos visual\lepevrx\gamex86.dir\release\drone_bitch.obj
c:\users\l\desktop\proyectos visual\lepevrx\gamex86.dir\release\drone_berserk.obj
c:\users\l\desktop\proyectos visual\lepevrx\gamex86.dir\release\drone_ai.obj
c:\users\l\desktop\proyectos visual\lepevrx\gamex86.dir\release\domination.obj
c:\users\l\desktop\proyectos visual\lepevrx\gamex86.dir\release\damage.obj
c:\users\l\desktop\proyectos visual\lepevrx\gamex86.dir\release\ctf.obj
c:\users\l\desktop\proyectos visual\lepevrx\gamex86.dir\release\cloak.obj
c:\users\l\desktop\proyectos visual\lepevrx\gamex86.dir\release\class_demon.obj
c:\users\l\desktop\proyectos visual\lepevrx\gamex86.dir\release\class_brain.obj
c:\users\l\desktop\proyectos visual\lepevrx\gamex86.dir\release\boss_tank.obj
c:\users\l\desktop\proyectos visual\lepevrx\gamex86.dir\release\boss_makron.obj
c:\users\l\desktop\proyectos visual\lepevrx\gamex86.dir\release\boss_general.obj
c:\users\l\desktop\proyectos visual\lepevrx\gamex86.dir\release\bombspell.obj
c:\users\l\desktop\proyectos visual\lepevrx\gamex86.dir\release\backpack.obj
c:\users\l\desktop\proyectos visual\lepevrx\gamex86.dir\release\auras.obj
c:\users\l\desktop\proyectos visual\lepevrx\gamex86.dir\release\armory.obj
c:\users\l\desktop\proyectos visual\lepevrx\gamex86.dir\release\ally.obj
c:\users\l\desktop\proyectos visual\lepevrx\gamex86.dir\release\g_cmds.obj
c:\users\l\desktop\proyectos visual\lepevrx\gamex86.dir\release\g_chase.obj
c:\users\l\desktop\proyectos visual\lepevrx\gamex86.dir\release\grid.obj
c:\users\l\desktop\proyectos visual\lepevrx\gamex86.dir\release\forcewall.obj
c:\users\l\desktop\proyectos visual\lepevrx\gamex86.dir\release\flying_skull.obj
c:\users\l\desktop\proyectos visual\lepevrx\gamex86.dir\release\file_output.obj
c:\users\l\desktop\proyectos visual\lepevrx\gamex86.dir\release\ents.obj
c:\users\l\desktop\proyectos visual\lepevrx\gamex86.dir\release\drone_tank.obj
c:\users\l\desktop\proyectos visual\lepevrx\gamex86.dir\release\drone_supertank.obj
c:\users\l\desktop\proyectos visual\lepevrx\gamex86.dir\release\drone_soldier.obj
c:\users\l\desktop\proyectos visual\lepevrx\gamex86.dir\release\drone_retard.obj
c:\users\l\desktop\proyectos visual\lepevrx\gamex86.dir\release\drone_parasite.obj
c:\users\l\desktop\proyectos visual\lepevrx\gamex86.dir\release\drone_mutant.obj
c:\users\l\desktop\proyectos visual\lepevrx\gamex86.dir\release\drone_move.obj
c:\users\l\desktop\proyectos visual\lepevrx\gamex86.dir\release\drone_misc.obj
c:\users\l\desktop\proyectos visual\lepevrx\gamex86.dir\release\drone_medic.obj
c:\users\l\desktop\proyectos visual\lepevrx\gamex86.dir\release\drone_makron.obj
c:\users\l\desktop\proyectos visual\lepevrx\gamex86.dir\release\drone_jorg.obj
c:\users\l\desktop\proyectos visual\lepevrx\gamex86.dir\release\drone_infantry.obj
c:\users\l\desktop\proyectos visual\lepevrx\gamex86.dir\release\drone_gunner.obj
c:\users\l\desktop\proyectos visual\lepevrx\gamex86.dir\release\invasion.obj
c:\users\l\desktop\proyectos visual\lepevrx\gamex86.dir\release\help.obj
c:\users\l\desktop\proyectos visual\lepevrx\gamex86.dir\release\hash_32a.obj
c:\users\l\desktop\proyectos visual\lepevrx\gamex86.dir\release\g_weapon.obj
c:\users\l\desktop\proyectos visual\lepevrx\gamex86.dir\release\g_utils.obj
c:\users\l\desktop\proyectos visual\lepevrx\gamex86.dir\release\g_trigger.obj
c:\users\l\desktop\proyectos visual\lepevrx\gamex86.dir\release\g_target.obj
c:\users\l\desktop\proyectos visual\lepevrx\gamex86.dir\release\g_sword.obj
c:\users\l\desktop\proyectos visual\lepevrx\gamex86.dir\release\g_svcmds.obj
c:\users\l\desktop\proyectos visual\lepevrx\gamex86.dir\release\g_spawn.obj
c:\users\l\desktop\proyectos visual\lepevrx\gamex86.dir\release\g_save.obj
c:\users\l\desktop\proyectos visual\lepevrx\gamex86.dir\release\g_phys.obj
c:\users\l\desktop\proyectos visual\lepevrx\gamex86.dir\release\g_monster.obj
c:\users\l\desktop\proyectos visual\lepevrx\gamex86.dir\release\g_misc.obj
c:\users\l\desktop\proyectos visual\lepevrx\gamex86.dir\release\g_main.obj
c:\users\l\desktop\proyectos visual\lepevrx\gamex86.dir\release\g_lasers.obj
c:\users\l\desktop\proyectos visual\lepevrx\gamex86.dir\release\g_items.obj
c:\users\l\desktop\proyectos visual\lepevrx\gamex86.dir\release\g_func.obj
c:\users\l\desktop\proyectos visual\lepevrx\gamex86.dir\release\g_flame.obj
c:\users\l\desktop\proyectos visual\lepevrx\gamex86.dir\release\g_combat.obj
c:\users\l\desktop\proyectos visual\lepevrx\gamex86.dir\release\playertotank.obj
c:\users\l\desktop\proyectos visual\lepevrx\gamex86.dir\release\playertoparasite.obj
c:\users\l\desktop\proyectos visual\lepevrx\gamex86.dir\release\playertomutant.obj
c:\users\l\desktop\proyectos visual\lepevrx\gamex86.dir\release\playertomedic.obj
c:\users\l\desktop\proyectos visual\lepevrx\gamex86.dir\release\playertoflyer.obj
c:\users\l\desktop\proyectos visual\lepevrx\gamex86.dir\release\playertoberserk.obj
c:\users\l\desktop\proyectos visual\lepevrx\gamex86.dir\release\playerlog.obj
c:\users\l\desktop\proyectos visual\lepevrx\gamex86.dir\release\player.obj
c:\users\l\desktop\proyectos visual\lepevrx\gamex86.dir\release\m_flash.obj
c:\users\l\desktop\proyectos visual\lepevrx\gamex86.dir\release\misc_stuff.obj
c:\users\l\desktop\proyectos visual\lepevrx\gamex86.dir\release\minisentry.obj
c:\users\l\desktop\proyectos visual\lepevrx\gamex86.dir\release\menu.obj
c:\users\l\desktop\proyectos visual\lepevrx\gamex86.dir\release\maplist.obj
c:\users\l\desktop\proyectos visual\lepevrx\gamex86.dir\release\magic.obj
c:\users\l\desktop\proyectos visual\lepevrx\gamex86.dir\release\lua.obj
c:\users\l\desktop\proyectos visual\lepevrx\gamex86.dir\release\laserstuff.obj
c:\users\l\desktop\proyectos visual\lepevrx\gamex86.dir\release\lasersight.obj
c:\users\l\desktop\proyectos visual\lepevrx\gamex86.dir\release\lasers.obj
c:\users\l\desktop\proyectos visual\lepevrx\gamex86.dir\release\jetpack.obj
c:\users\l\desktop\proyectos visual\lepevrx\gamex86.dir\release\item_menu.obj
c:\users\l\desktop\proyectos visual\lepevrx\gamex86.dir\release\talents.obj
c:\users\l\desktop\proyectos visual\lepevrx\gamex86.dir\release\supplystation.obj
c:\users\l\desktop\proyectos visual\lepevrx\gamex86.dir\release\sqlite3.obj
c:\users\l\desktop\proyectos visual\lepevrx\gamex86.dir\release\spirit.obj
c:\users\l\desktop\proyectos visual\lepevrx\gamex86.dir\release\special_items.obj
c:\users\l\desktop\proyectos visual\lepevrx\gamex86.dir\release\shaman.obj
c:\users\l\desktop\proyectos visual\lepevrx\gamex86.dir\release\sentrygun2.obj
c:\users\l\desktop\proyectos visual\lepevrx\gamex86.dir\release\scanner.obj
c:\users\l\desktop\proyectos visual\lepevrx\gamex86.dir\release\repairstation.obj
c:\users\l\desktop\proyectos visual\lepevrx\gamex86.dir\release\q_shared.obj
c:\users\l\desktop\proyectos visual\lepevrx\gamex86.dir\release\p_weapon.obj
c:\users\l\desktop\proyectos visual\lepevrx\gamex86.dir\release\p_view.obj
c:\users\l\desktop\proyectos visual\lepevrx\gamex86.dir\release\p_trail.obj
c:\users\l\desktop\proyectos visual\lepevrx\gamex86.dir\release\p_parasite.obj
c:\users\l\desktop\proyectos visual\lepevrx\gamex86.dir\release\p_menu.obj
c:\users\l\desktop\proyectos visual\lepevrx\gamex86.dir\release\p_hud.obj
c:\users\l\desktop\proyectos visual\lepevrx\gamex86.dir\release\p_hook.obj
c:\users\l\desktop\proyectos visual\lepevrx\gamex86.dir\release\p_client.obj
c:\users\l\desktop\proyectos visual\lepevrx\gamex86.dir\release\pvb.obj
c:\users\l\desktop\proyectos visual\lepevrx\gamex86.dir\release\player_points.obj
c:\users\l\desktop\proyectos visual\lepevrx\gamex86.dir\release\weapon_upgrades.obj
c:\users\l\desktop\proyectos visual\lepevrx\gamex86.dir\release\weapons.obj
c:\users\l\desktop\proyectos visual\lepevrx\gamex86.dir\release\v_utils.obj
c:\users\l\desktop\proyectos visual\lepevrx\gamex86.dir\release\v_tbi.obj
c:\users\l\desktop\proyectos visual\lepevrx\gamex86.dir\release\v_sqlite_unidb.obj
c:\users\l\desktop\proyectos visual\lepevrx\gamex86.dir\release\v_sqlite_character.obj
c:\users\l\desktop\proyectos visual\lepevrx\gamex86.dir\release\v_mysql_gds.obj
c:\users\l\desktop\proyectos visual\lepevrx\gamex86.dir\release\v_maplist.obj
c:\users\l\desktop\proyectos visual\lepevrx\gamex86.dir\release\v_items.obj
c:\users\l\desktop\proyectos visual\lepevrx\gamex86.dir\release\v_hw.obj
c:\users\l\desktop\proyectos visual\lepevrx\gamex86.dir\release\v_file_io.obj
c:\users\l\desktop\proyectos visual\lepevrx\gamex86.dir\release\v_cmd.obj
c:\users\l\desktop\proyectos visual\lepevrx\gamex86.dir\release\v_autobind.obj
c:\users\l\desktop\proyectos visual\lepevrx\gamex86.dir\release\v_abilitylist.obj
c:\users\l\desktop\proyectos visual\lepevrx\gamex86.dir\release\vote.obj
c:\users\l\desktop\proyectos visual\lepevrx\gamex86.dir\release\upgrades.obj
c:\users\l\desktop\proyectos visual\lepevrx\gamex86.dir\release\trade.obj
c:\users\l\desktop\proyectos visual\lepevrx\gamex86.dir\release\totems.obj
c:\users\l\desktop\proyectos visual\lepevrx\gamex86.dir\release\teamplay.obj
c:\users\l\desktop\proyectos visual\lepevrx\gamex86.dir\release\bot_spawn.obj
c:\users\l\desktop\proyectos visual\lepevrx\gamex86.dir\release\bot_common.obj
c:\users\l\desktop\proyectos visual\lepevrx\gamex86.dir\release\astar.obj
c:\users\l\desktop\proyectos visual\lepevrx\gamex86.dir\release\ai_weapons.obj
c:\users\l\desktop\proyectos visual\lepevrx\gamex86.dir\release\ai_tools.obj
c:\users\l\desktop\proyectos visual\lepevrx\gamex86.dir\release\ai_nodes.obj
c:\users\l\desktop\proyectos visual\lepevrx\gamex86.dir\release\ai_navigation.obj
c:\users\l\desktop\proyectos visual\lepevrx\gamex86.dir\release\ai_movement.obj
c:\users\l\desktop\proyectos visual\lepevrx\gamex86.dir\release\ai_main.obj
c:\users\l\desktop\proyectos visual\lepevrx\gamex86.dir\release\ai_links.obj
c:\users\l\desktop\proyectos visual\lepevrx\gamex86.dir\release\ai_items.obj
c:\users\l\desktop\proyectos visual\lepevrx\gamex86.dir\release\ai_dropnodes.obj
c:\users\l\desktop\proyectos visual\lepevrx\gamex86.dir\release\ai_class_monster_default.obj
c:\users\l\desktop\proyectos visual\lepevrx\gamex86.dir\release\ai_class_dmbot.obj
c:\users\l\desktop\proyectos visual\lepevrx\gamex86.dir\release\v_luasettings.obj
c:\users\l\desktop\vrx\release\gamex86.lib
c:\users\l\desktop\vrx\release\gamex86.exp
c:\users\l\desktop\quake 2 chile\vortex\gamex86.dll
c:\users\l\desktop\proyectos visual\lepevrx\gamex86.dir\release\gamex86.tlog\cl.command.1.tlog
c:\users\l\desktop\proyectos visual\lepevrx\gamex86.dir\release\gamex86.tlog\cl.read.1.tlog
c:\users\l\desktop\proyectos visual\lepevrx\gamex86.dir\release\gamex86.tlog\cl.write.1.tlog
c:\users\l\desktop\proyectos visual\lepevrx\gamex86.dir\release\gamex86.tlog\custombuild.command.1.tlog
c:\users\l\desktop\proyectos visual\lepevrx\gamex86.dir\release\gamex86.tlog\custombuild.read.1.tlog
c:\users\l\desktop\proyectos visual\lepevrx\gamex86.dir\release\gamex86.tlog\custombuild.write.1.tlog
c:\users\l\desktop\proyectos visual\lepevrx\gamex86.dir\release\gamex86.tlog\gamex86.write.1u.tlog
c:\users\l\desktop\proyectos visual\lepevrx\gamex86.dir\release\gamex86.tlog\link.command.1.tlog
c:\users\l\desktop\proyectos visual\lepevrx\gamex86.dir\release\gamex86.tlog\link.read.1.tlog
c:\users\l\desktop\proyectos visual\lepevrx\gamex86.dir\release\gamex86.tlog\link.write.1.tlog
